<?xml version="1.0" encoding="UTF-8"?>
<testsuite name="ru.stqa.java_course.addressbook.tests.GroupModification" tests="1" skipped="0" failures="0" errors="0" timestamp="2022-07-14T07:04:09" hostname="AKOLOMOETS" time="1.525">
  <properties/>
  <testcase name="testGroupModification" classname="ru.stqa.java_course.addressbook.tests.GroupModification" time="1.525"/>
  <system-out><![CDATA[]]></system-out>
  <system-err><![CDATA[]]></system-err>
</testsuite>
