<?xml version="1.0" encoding="UTF-8"?>
<testsuite name="ru.stqa.java_course.addressbook.tests.ContactModification" tests="1" skipped="0" failures="0" errors="0" timestamp="2022-07-14T07:04:06" hostname="AKOLOMOETS" time="0.684">
  <properties/>
  <testcase name="testContactModification" classname="ru.stqa.java_course.addressbook.tests.ContactModification" time="0.684"/>
  <system-out><![CDATA[]]></system-out>
  <system-err><![CDATA[]]></system-err>
</testsuite>
