<?xml version="1.0" encoding="UTF-8"?>
<testsuite name="ru.stqa.java_course.addressbook.tests.ContactCreation" tests="1" skipped="0" failures="0" errors="0" timestamp="2022-07-14T07:04:05" hostname="AKOLOMOETS" time="0.785">
  <properties/>
  <testcase name="testContactCreation" classname="ru.stqa.java_course.addressbook.tests.ContactCreation" time="0.785"/>
  <system-out><![CDATA[]]></system-out>
  <system-err><![CDATA[]]></system-err>
</testsuite>
