<?xml version="1.0" encoding="UTF-8"?>
<testsuite name="ru.stqa.java_course.addressbook.tests.GroupDeletion" tests="1" skipped="0" failures="0" errors="0" timestamp="2022-07-14T07:04:08" hostname="AKOLOMOETS" time="0.947">
  <properties/>
  <testcase name="testGroupDeletion" classname="ru.stqa.java_course.addressbook.tests.GroupDeletion" time="0.947"/>
  <system-out><![CDATA[]]></system-out>
  <system-err><![CDATA[]]></system-err>
</testsuite>
