<?xml version="1.0" encoding="UTF-8"?>
<testsuite name="ru.stqa.java_course.addressbook.tests.GroupCreation" tests="1" skipped="0" failures="0" errors="0" timestamp="2022-07-14T07:04:07" hostname="AKOLOMOETS" time="1.178">
  <properties/>
  <testcase name="testGroupsCreation" classname="ru.stqa.java_course.addressbook.tests.GroupCreation" time="1.178"/>
  <system-out><![CDATA[]]></system-out>
  <system-err><![CDATA[]]></system-err>
</testsuite>
